Error: Cannot find module './server/services/db/utils'
Require stack:
- /Users/connected/_dev/BasedVC/webapp/index.js
    at Module._resolveFilename (node:internal/modules/cjs/loader:1075:15)
    at mod._resolveFilename (/Users/connected/_dev/BasedVC/webapp/node_modules/next/dist/build/webpack/require-hook.js:23:32)
    at Hook._require.Module.require (/opt/homebrew/lib/node_modules/pm2/node_modules/require-in-the-middle/index.js:81:25)
    at require (node:internal/modules/cjs/helpers:110:18)
    at Object.<anonymous> (/Users/connected/_dev/BasedVC/webapp/index.js:10:21)
    at Module._compile (node:internal/modules/cjs/loader:1254:14)
    at Module._extensions..js (node:internal/modules/cjs/loader:1308:10)
    at Module.load (node:internal/modules/cjs/loader:1117:32)
    at Module._load (node:internal/modules/cjs/loader:958:12)
    at /opt/homebrew/lib/node_modules/pm2/lib/ProcessContainer.js:304:25
Error: Cannot find module './server/services/db/utils'
Require stack:
- /Users/connected/_dev/BasedVC/webapp/index.js
    at Module._resolveFilename (node:internal/modules/cjs/loader:1075:15)
    at mod._resolveFilename (/Users/connected/_dev/BasedVC/webapp/node_modules/next/dist/build/webpack/require-hook.js:23:32)
    at Hook._require.Module.require (/opt/homebrew/lib/node_modules/pm2/node_modules/require-in-the-middle/index.js:81:25)
    at require (node:internal/modules/cjs/helpers:110:18)
    at Object.<anonymous> (/Users/connected/_dev/BasedVC/webapp/index.js:10:21)
    at Module._compile (node:internal/modules/cjs/loader:1254:14)
    at Module._extensions..js (node:internal/modules/cjs/loader:1308:10)
    at Module.load (node:internal/modules/cjs/loader:1117:32)
    at Module._load (node:internal/modules/cjs/loader:958:12)
    at /opt/homebrew/lib/node_modules/pm2/lib/ProcessContainer.js:304:25
Error: Cannot find module './server/services/db/utils'
Require stack:
- /Users/connected/_dev/BasedVC/webapp/index.js
    at Module._resolveFilename (node:internal/modules/cjs/loader:1075:15)
    at mod._resolveFilename (/Users/connected/_dev/BasedVC/webapp/node_modules/next/dist/build/webpack/require-hook.js:23:32)
    at Hook._require.Module.require (/opt/homebrew/lib/node_modules/pm2/node_modules/require-in-the-middle/index.js:81:25)
    at require (node:internal/modules/cjs/helpers:110:18)
    at Object.<anonymous> (/Users/connected/_dev/BasedVC/webapp/index.js:10:21)
    at Module._compile (node:internal/modules/cjs/loader:1254:14)
    at Module._extensions..js (node:internal/modules/cjs/loader:1308:10)
    at Module.load (node:internal/modules/cjs/loader:1117:32)
    at Module._load (node:internal/modules/cjs/loader:958:12)
    at /opt/homebrew/lib/node_modules/pm2/lib/ProcessContainer.js:304:25
Error: Cannot find module './server/services/db/utils'
Require stack:
- /Users/connected/_dev/BasedVC/webapp/index.js
    at Module._resolveFilename (node:internal/modules/cjs/loader:1075:15)
    at mod._resolveFilename (/Users/connected/_dev/BasedVC/webapp/node_modules/next/dist/build/webpack/require-hook.js:23:32)
    at Hook._require.Module.require (/opt/homebrew/lib/node_modules/pm2/node_modules/require-in-the-middle/index.js:81:25)
    at require (node:internal/modules/cjs/helpers:110:18)
    at Object.<anonymous> (/Users/connected/_dev/BasedVC/webapp/index.js:10:21)
    at Module._compile (node:internal/modules/cjs/loader:1254:14)
    at Module._extensions..js (node:internal/modules/cjs/loader:1308:10)
    at Module.load (node:internal/modules/cjs/loader:1117:32)
    at Module._load (node:internal/modules/cjs/loader:958:12)
    at /opt/homebrew/lib/node_modules/pm2/lib/ProcessContainer.js:304:25
Error: Cannot find module './server/services/db/utils'
Require stack:
- /Users/connected/_dev/BasedVC/webapp/index.js
    at Module._resolveFilename (node:internal/modules/cjs/loader:1075:15)
    at mod._resolveFilename (/Users/connected/_dev/BasedVC/webapp/node_modules/next/dist/build/webpack/require-hook.js:23:32)
    at Hook._require.Module.require (/opt/homebrew/lib/node_modules/pm2/node_modules/require-in-the-middle/index.js:81:25)
    at require (node:internal/modules/cjs/helpers:110:18)
    at Object.<anonymous> (/Users/connected/_dev/BasedVC/webapp/index.js:10:21)
    at Module._compile (node:internal/modules/cjs/loader:1254:14)
    at Module._extensions..js (node:internal/modules/cjs/loader:1308:10)
    at Module.load (node:internal/modules/cjs/loader:1117:32)
    at Module._load (node:internal/modules/cjs/loader:958:12)
    at /opt/homebrew/lib/node_modules/pm2/lib/ProcessContainer.js:304:25
Error: Cannot find module './server/services/db/utils'
Require stack:
- /Users/connected/_dev/BasedVC/webapp/index.js
    at Module._resolveFilename (node:internal/modules/cjs/loader:1075:15)
    at mod._resolveFilename (/Users/connected/_dev/BasedVC/webapp/node_modules/next/dist/build/webpack/require-hook.js:23:32)
    at Hook._require.Module.require (/opt/homebrew/lib/node_modules/pm2/node_modules/require-in-the-middle/index.js:81:25)
    at require (node:internal/modules/cjs/helpers:110:18)
    at Object.<anonymous> (/Users/connected/_dev/BasedVC/webapp/index.js:10:21)
    at Module._compile (node:internal/modules/cjs/loader:1254:14)
    at Module._extensions..js (node:internal/modules/cjs/loader:1308:10)
    at Module.load (node:internal/modules/cjs/loader:1117:32)
    at Module._load (node:internal/modules/cjs/loader:958:12)
    at /opt/homebrew/lib/node_modules/pm2/lib/ProcessContainer.js:304:25
Error: Cannot find module './server/services/db/utils'
Require stack:
- /Users/connected/_dev/BasedVC/webapp/index.js
    at Module._resolveFilename (node:internal/modules/cjs/loader:1075:15)
    at mod._resolveFilename (/Users/connected/_dev/BasedVC/webapp/node_modules/next/dist/build/webpack/require-hook.js:23:32)
    at Hook._require.Module.require (/opt/homebrew/lib/node_modules/pm2/node_modules/require-in-the-middle/index.js:81:25)
    at require (node:internal/modules/cjs/helpers:110:18)
    at Object.<anonymous> (/Users/connected/_dev/BasedVC/webapp/index.js:10:21)
    at Module._compile (node:internal/modules/cjs/loader:1254:14)
    at Module._extensions..js (node:internal/modules/cjs/loader:1308:10)
    at Module.load (node:internal/modules/cjs/loader:1117:32)
    at Module._load (node:internal/modules/cjs/loader:958:12)
    at /opt/homebrew/lib/node_modules/pm2/lib/ProcessContainer.js:304:25
Error: Cannot find module './server/services/db/utils'
Require stack:
- /Users/connected/_dev/BasedVC/webapp/index.js
    at Module._resolveFilename (node:internal/modules/cjs/loader:1075:15)
    at mod._resolveFilename (/Users/connected/_dev/BasedVC/webapp/node_modules/next/dist/build/webpack/require-hook.js:23:32)
    at Hook._require.Module.require (/opt/homebrew/lib/node_modules/pm2/node_modules/require-in-the-middle/index.js:81:25)
    at require (node:internal/modules/cjs/helpers:110:18)
    at Object.<anonymous> (/Users/connected/_dev/BasedVC/webapp/index.js:10:21)
    at Module._compile (node:internal/modules/cjs/loader:1254:14)
    at Module._extensions..js (node:internal/modules/cjs/loader:1308:10)
    at Module.load (node:internal/modules/cjs/loader:1117:32)
    at Module._load (node:internal/modules/cjs/loader:958:12)
    at /opt/homebrew/lib/node_modules/pm2/lib/ProcessContainer.js:304:25
Error: Cannot find module './server/services/db/utils'
Require stack:
- /Users/connected/_dev/BasedVC/webapp/index.js
    at Module._resolveFilename (node:internal/modules/cjs/loader:1075:15)
    at mod._resolveFilename (/Users/connected/_dev/BasedVC/webapp/node_modules/next/dist/build/webpack/require-hook.js:23:32)
    at Hook._require.Module.require (/opt/homebrew/lib/node_modules/pm2/node_modules/require-in-the-middle/index.js:81:25)
    at require (node:internal/modules/cjs/helpers:110:18)
    at Object.<anonymous> (/Users/connected/_dev/BasedVC/webapp/index.js:10:21)
    at Module._compile (node:internal/modules/cjs/loader:1254:14)
    at Module._extensions..js (node:internal/modules/cjs/loader:1308:10)
    at Module.load (node:internal/modules/cjs/loader:1117:32)
    at Module._load (node:internal/modules/cjs/loader:958:12)
    at /opt/homebrew/lib/node_modules/pm2/lib/ProcessContainer.js:304:25
Error: Cannot find module './server/services/db/utils'
Require stack:
- /Users/connected/_dev/BasedVC/webapp/index.js
    at Module._resolveFilename (node:internal/modules/cjs/loader:1075:15)
    at mod._resolveFilename (/Users/connected/_dev/BasedVC/webapp/node_modules/next/dist/build/webpack/require-hook.js:23:32)
    at Hook._require.Module.require (/opt/homebrew/lib/node_modules/pm2/node_modules/require-in-the-middle/index.js:81:25)
    at require (node:internal/modules/cjs/helpers:110:18)
    at Object.<anonymous> (/Users/connected/_dev/BasedVC/webapp/index.js:10:21)
    at Module._compile (node:internal/modules/cjs/loader:1254:14)
    at Module._extensions..js (node:internal/modules/cjs/loader:1308:10)
    at Module.load (node:internal/modules/cjs/loader:1117:32)
    at Module._load (node:internal/modules/cjs/loader:958:12)
    at /opt/homebrew/lib/node_modules/pm2/lib/ProcessContainer.js:304:25
Error: Cannot find module './server/services/db/utils'
Require stack:
- /Users/connected/_dev/BasedVC/webapp/index.js
    at Module._resolveFilename (node:internal/modules/cjs/loader:1075:15)
    at mod._resolveFilename (/Users/connected/_dev/BasedVC/webapp/node_modules/next/dist/build/webpack/require-hook.js:23:32)
    at Hook._require.Module.require (/opt/homebrew/lib/node_modules/pm2/node_modules/require-in-the-middle/index.js:81:25)
    at require (node:internal/modules/cjs/helpers:110:18)
    at Object.<anonymous> (/Users/connected/_dev/BasedVC/webapp/index.js:10:21)
    at Module._compile (node:internal/modules/cjs/loader:1254:14)
    at Module._extensions..js (node:internal/modules/cjs/loader:1308:10)
    at Module.load (node:internal/modules/cjs/loader:1117:32)
    at Module._load (node:internal/modules/cjs/loader:958:12)
    at /opt/homebrew/lib/node_modules/pm2/lib/ProcessContainer.js:304:25
Error: Cannot find module './server/services/db/utils'
Require stack:
- /Users/connected/_dev/BasedVC/webapp/index.js
    at Module._resolveFilename (node:internal/modules/cjs/loader:1075:15)
    at mod._resolveFilename (/Users/connected/_dev/BasedVC/webapp/node_modules/next/dist/build/webpack/require-hook.js:23:32)
    at Hook._require.Module.require (/opt/homebrew/lib/node_modules/pm2/node_modules/require-in-the-middle/index.js:81:25)
    at require (node:internal/modules/cjs/helpers:110:18)
    at Object.<anonymous> (/Users/connected/_dev/BasedVC/webapp/index.js:10:21)
    at Module._compile (node:internal/modules/cjs/loader:1254:14)
    at Module._extensions..js (node:internal/modules/cjs/loader:1308:10)
    at Module.load (node:internal/modules/cjs/loader:1117:32)
    at Module._load (node:internal/modules/cjs/loader:958:12)
    at /opt/homebrew/lib/node_modules/pm2/lib/ProcessContainer.js:304:25
Error: Cannot find module './server/services/db/utils'
Require stack:
- /Users/connected/_dev/BasedVC/webapp/index.js
    at Module._resolveFilename (node:internal/modules/cjs/loader:1075:15)
    at mod._resolveFilename (/Users/connected/_dev/BasedVC/webapp/node_modules/next/dist/build/webpack/require-hook.js:23:32)
    at Hook._require.Module.require (/opt/homebrew/lib/node_modules/pm2/node_modules/require-in-the-middle/index.js:81:25)
    at require (node:internal/modules/cjs/helpers:110:18)
    at Object.<anonymous> (/Users/connected/_dev/BasedVC/webapp/index.js:10:21)
    at Module._compile (node:internal/modules/cjs/loader:1254:14)
    at Module._extensions..js (node:internal/modules/cjs/loader:1308:10)
    at Module.load (node:internal/modules/cjs/loader:1117:32)
    at Module._load (node:internal/modules/cjs/loader:958:12)
    at /opt/homebrew/lib/node_modules/pm2/lib/ProcessContainer.js:304:25
Error: Cannot find module './server/services/db/utils'
Require stack:
- /Users/connected/_dev/BasedVC/webapp/index.js
    at Module._resolveFilename (node:internal/modules/cjs/loader:1075:15)
    at mod._resolveFilename (/Users/connected/_dev/BasedVC/webapp/node_modules/next/dist/build/webpack/require-hook.js:23:32)
    at Hook._require.Module.require (/opt/homebrew/lib/node_modules/pm2/node_modules/require-in-the-middle/index.js:81:25)
    at require (node:internal/modules/cjs/helpers:110:18)
    at Object.<anonymous> (/Users/connected/_dev/BasedVC/webapp/index.js:10:21)
    at Module._compile (node:internal/modules/cjs/loader:1254:14)
    at Module._extensions..js (node:internal/modules/cjs/loader:1308:10)
    at Module.load (node:internal/modules/cjs/loader:1117:32)
    at Module._load (node:internal/modules/cjs/loader:958:12)
    at /opt/homebrew/lib/node_modules/pm2/lib/ProcessContainer.js:304:25
Error: Cannot find module './server/services/db/utils'
Require stack:
- /Users/connected/_dev/BasedVC/webapp/index.js
    at Module._resolveFilename (node:internal/modules/cjs/loader:1075:15)
    at mod._resolveFilename (/Users/connected/_dev/BasedVC/webapp/node_modules/next/dist/build/webpack/require-hook.js:23:32)
    at Hook._require.Module.require (/opt/homebrew/lib/node_modules/pm2/node_modules/require-in-the-middle/index.js:81:25)
    at require (node:internal/modules/cjs/helpers:110:18)
    at Object.<anonymous> (/Users/connected/_dev/BasedVC/webapp/index.js:10:21)
    at Module._compile (node:internal/modules/cjs/loader:1254:14)
    at Module._extensions..js (node:internal/modules/cjs/loader:1308:10)
    at Module.load (node:internal/modules/cjs/loader:1117:32)
    at Module._load (node:internal/modules/cjs/loader:958:12)
    at /opt/homebrew/lib/node_modules/pm2/lib/ProcessContainer.js:304:25
Error: Cannot find module './server/services/db/utils'
Require stack:
- /Users/connected/_dev/BasedVC/webapp/index.js
    at Module._resolveFilename (node:internal/modules/cjs/loader:1075:15)
    at mod._resolveFilename (/Users/connected/_dev/BasedVC/webapp/node_modules/next/dist/build/webpack/require-hook.js:23:32)
    at Hook._require.Module.require (/opt/homebrew/lib/node_modules/pm2/node_modules/require-in-the-middle/index.js:81:25)
    at require (node:internal/modules/cjs/helpers:110:18)
    at Object.<anonymous> (/Users/connected/_dev/BasedVC/webapp/index.js:10:21)
    at Module._compile (node:internal/modules/cjs/loader:1254:14)
    at Module._extensions..js (node:internal/modules/cjs/loader:1308:10)
    at Module.load (node:internal/modules/cjs/loader:1117:32)
    at Module._load (node:internal/modules/cjs/loader:958:12)
    at /opt/homebrew/lib/node_modules/pm2/lib/ProcessContainer.js:304:25
Error: Cannot find module './server/services/db/utils'
Require stack:
- /Users/connected/_dev/BasedVC/webapp/index.js
    at Module._resolveFilename (node:internal/modules/cjs/loader:1075:15)
    at mod._resolveFilename (/Users/connected/_dev/BasedVC/webapp/node_modules/next/dist/build/webpack/require-hook.js:23:32)
    at Hook._require.Module.require (/opt/homebrew/lib/node_modules/pm2/node_modules/require-in-the-middle/index.js:81:25)
    at require (node:internal/modules/cjs/helpers:110:18)
    at Object.<anonymous> (/Users/connected/_dev/BasedVC/webapp/index.js:10:21)
    at Module._compile (node:internal/modules/cjs/loader:1254:14)
    at Module._extensions..js (node:internal/modules/cjs/loader:1308:10)
    at Module.load (node:internal/modules/cjs/loader:1117:32)
    at Module._load (node:internal/modules/cjs/loader:958:12)
    at /opt/homebrew/lib/node_modules/pm2/lib/ProcessContainer.js:304:25
Error: Cannot find module './server/services/db/utils'
Require stack:
- /Users/connected/_dev/BasedVC/webapp/index.js
    at Module._resolveFilename (node:internal/modules/cjs/loader:1075:15)
    at mod._resolveFilename (/Users/connected/_dev/BasedVC/webapp/node_modules/next/dist/build/webpack/require-hook.js:23:32)
    at Hook._require.Module.require (/opt/homebrew/lib/node_modules/pm2/node_modules/require-in-the-middle/index.js:81:25)
    at require (node:internal/modules/cjs/helpers:110:18)
    at Object.<anonymous> (/Users/connected/_dev/BasedVC/webapp/index.js:10:21)
    at Module._compile (node:internal/modules/cjs/loader:1254:14)
    at Module._extensions..js (node:internal/modules/cjs/loader:1308:10)
    at Module.load (node:internal/modules/cjs/loader:1117:32)
    at Module._load (node:internal/modules/cjs/loader:958:12)
    at /opt/homebrew/lib/node_modules/pm2/lib/ProcessContainer.js:304:25
Error: Cannot find module './server/services/db/utils'
Require stack:
- /Users/connected/_dev/BasedVC/webapp/index.js
    at Module._resolveFilename (node:internal/modules/cjs/loader:1075:15)
    at mod._resolveFilename (/Users/connected/_dev/BasedVC/webapp/node_modules/next/dist/build/webpack/require-hook.js:23:32)
    at Hook._require.Module.require (/opt/homebrew/lib/node_modules/pm2/node_modules/require-in-the-middle/index.js:81:25)
    at require (node:internal/modules/cjs/helpers:110:18)
    at Object.<anonymous> (/Users/connected/_dev/BasedVC/webapp/index.js:10:21)
    at Module._compile (node:internal/modules/cjs/loader:1254:14)
    at Module._extensions..js (node:internal/modules/cjs/loader:1308:10)
    at Module.load (node:internal/modules/cjs/loader:1117:32)
    at Module._load (node:internal/modules/cjs/loader:958:12)
    at /opt/homebrew/lib/node_modules/pm2/lib/ProcessContainer.js:304:25
Error: Cannot find module './server/services/db/utils'
Require stack:
- /Users/connected/_dev/BasedVC/webapp/index.js
    at Module._resolveFilename (node:internal/modules/cjs/loader:1075:15)
    at mod._resolveFilename (/Users/connected/_dev/BasedVC/webapp/node_modules/next/dist/build/webpack/require-hook.js:23:32)
    at Hook._require.Module.require (/opt/homebrew/lib/node_modules/pm2/node_modules/require-in-the-middle/index.js:81:25)
    at require (node:internal/modules/cjs/helpers:110:18)
    at Object.<anonymous> (/Users/connected/_dev/BasedVC/webapp/index.js:10:21)
    at Module._compile (node:internal/modules/cjs/loader:1254:14)
    at Module._extensions..js (node:internal/modules/cjs/loader:1308:10)
    at Module.load (node:internal/modules/cjs/loader:1117:32)
    at Module._load (node:internal/modules/cjs/loader:958:12)
    at /opt/homebrew/lib/node_modules/pm2/lib/ProcessContainer.js:304:25
Error: Cannot find module './server/services/db/utils'
Require stack:
- /Users/connected/_dev/BasedVC/webapp/index.js
    at Module._resolveFilename (node:internal/modules/cjs/loader:1075:15)
    at mod._resolveFilename (/Users/connected/_dev/BasedVC/webapp/node_modules/next/dist/build/webpack/require-hook.js:23:32)
    at Hook._require.Module.require (/opt/homebrew/lib/node_modules/pm2/node_modules/require-in-the-middle/index.js:81:25)
    at require (node:internal/modules/cjs/helpers:110:18)
    at Object.<anonymous> (/Users/connected/_dev/BasedVC/webapp/index.js:10:21)
    at Module._compile (node:internal/modules/cjs/loader:1254:14)
    at Module._extensions..js (node:internal/modules/cjs/loader:1308:10)
    at Module.load (node:internal/modules/cjs/loader:1117:32)
    at Module._load (node:internal/modules/cjs/loader:958:12)
    at /opt/homebrew/lib/node_modules/pm2/lib/ProcessContainer.js:304:25
Error: Cannot find module './server/services/db/utils'
Require stack:
- /Users/connected/_dev/BasedVC/webapp/index.js
    at Module._resolveFilename (node:internal/modules/cjs/loader:1075:15)
    at mod._resolveFilename (/Users/connected/_dev/BasedVC/webapp/node_modules/next/dist/build/webpack/require-hook.js:23:32)
    at Hook._require.Module.require (/opt/homebrew/lib/node_modules/pm2/node_modules/require-in-the-middle/index.js:81:25)
    at require (node:internal/modules/cjs/helpers:110:18)
    at Object.<anonymous> (/Users/connected/_dev/BasedVC/webapp/index.js:10:21)
    at Module._compile (node:internal/modules/cjs/loader:1254:14)
    at Module._extensions..js (node:internal/modules/cjs/loader:1308:10)
    at Module.load (node:internal/modules/cjs/loader:1117:32)
    at Module._load (node:internal/modules/cjs/loader:958:12)
    at /opt/homebrew/lib/node_modules/pm2/lib/ProcessContainer.js:304:25
Error: Cannot find module './server/services/db/utils'
Require stack:
- /Users/connected/_dev/BasedVC/webapp/index.js
    at Module._resolveFilename (node:internal/modules/cjs/loader:1075:15)
    at mod._resolveFilename (/Users/connected/_dev/BasedVC/webapp/node_modules/next/dist/build/webpack/require-hook.js:23:32)
    at Hook._require.Module.require (/opt/homebrew/lib/node_modules/pm2/node_modules/require-in-the-middle/index.js:81:25)
    at require (node:internal/modules/cjs/helpers:110:18)
    at Object.<anonymous> (/Users/connected/_dev/BasedVC/webapp/index.js:10:21)
    at Module._compile (node:internal/modules/cjs/loader:1254:14)
    at Module._extensions..js (node:internal/modules/cjs/loader:1308:10)
    at Module.load (node:internal/modules/cjs/loader:1117:32)
    at Module._load (node:internal/modules/cjs/loader:958:12)
    at /opt/homebrew/lib/node_modules/pm2/lib/ProcessContainer.js:304:25
